f:\agilor.distributed\agilor.storage.c\agilor.storage.c\debug\vc120.pdb
f:\agilor.distributed\agilor.storage.c\agilor.storage.c\debug\vc120.idb
f:\agilor.distributed\agilor.storage.c\agilor.storage.c\debug\aci.obj
f:\agilor.distributed\agilor.storage.c\agilor.storage.c\debug\agilor.obj
f:\agilor.distributed\agilor.storage.c\agilor.storage.c\debug\agilorutils.obj
f:\agilor.distributed\agilor.storage.c\agilor.storage.c\debug\agilor_server.skeleton.obj
f:\agilor.distributed\agilor.storage.c\agilor.storage.c\debug\baseservereventhandler.obj
f:\agilor.distributed\agilor.storage.c\agilor.storage.c\debug\inter_constants.obj
f:\agilor.distributed\agilor.storage.c\agilor.storage.c\debug\inter_types.obj
f:\agilor.distributed\agilor.storage.c\agilor.storage.c\debug\agilorhandler.obj
f:\agilor.distributed\agilor.storage.c\debug\agilor.storage.c.pdb
f:\agilor.distributed\agilor.storage.c\agilor.storage.c\debug\agilor.storage.c.tlog\cl.command.1.tlog
f:\agilor.distributed\agilor.storage.c\agilor.storage.c\debug\agilor.storage.c.tlog\cl.read.1.tlog
f:\agilor.distributed\agilor.storage.c\agilor.storage.c\debug\agilor.storage.c.tlog\cl.write.1.tlog
f:\agilor.distributed\agilor.storage.c\agilor.storage.c\debug\agilor.storage.c.tlog\link.9828-cvtres.read.1.tlog
f:\agilor.distributed\agilor.storage.c\agilor.storage.c\debug\agilor.storage.c.tlog\link.9828-cvtres.write.1.tlog
f:\agilor.distributed\agilor.storage.c\agilor.storage.c\debug\agilor.storage.c.tlog\link.9828-rc.read.1.tlog
f:\agilor.distributed\agilor.storage.c\agilor.storage.c\debug\agilor.storage.c.tlog\link.9828-rc.write.1.tlog
f:\agilor.distributed\agilor.storage.c\agilor.storage.c\debug\agilor.storage.c.tlog\link.9828.read.1.tlog
f:\agilor.distributed\agilor.storage.c\agilor.storage.c\debug\agilor.storage.c.tlog\link.9828.write.1.tlog
f:\agilor.distributed\agilor.storage.c\agilor.storage.c\debug\agilor.storage.c.tlog\link.command.1.tlog
f:\agilor.distributed\agilor.storage.c\agilor.storage.c\debug\agilor.storage.c.tlog\link.read.1.tlog
f:\agilor.distributed\agilor.storage.c\agilor.storage.c\debug\agilor.storage.c.tlog\link.write.1.tlog
