生成启动时间为 2015/9/8 10:48:41。
     1>项目“F:\agilor.distributed\agilor.storage.c\agilor.storage.c\agilor.storage.c.vcxproj”在节点 2 上(Build 个目标)。
     1>ClCompile:
         D:\Microsoft Visual Studio 12.0\VC\bin\CL.exe /c /I"C:\Users\LQ\Downloads\thrift-0.9.2\lib\cpp\src" /IF:\boost_1_58_0 /I"F:\openssl-master\include" /ZI /nologo /W3 /WX- /sdl /Od /Oy- /D WIN32_LEAN_AND_MEAN /D _MBCS /Gm /EHsc /RTC1 /MDd /GS /fp:precise /Zc:wchar_t /Zc:forScope /Fo"Debug\\" /Fd"Debug\vc120.pdb" /Gd /TP /analyze- /errorReport:prompt inter_constants.cpp inter_types.cpp
         inter_types.cpp
         inter_constants.cpp
         正在生成代码...
       Link:
         D:\Microsoft Visual Studio 12.0\VC\bin\link.exe /ERRORREPORT:PROMPT /OUT:"F:\agilor.distributed\agilor.storage.c\Debug\agilor.storage.c.exe" /INCREMENTAL /NOLOGO /LIBPATH:F:\boost_1_58_0\stage\lib /LIBPATH:"C:\Users\LQ\Downloads\thrift-0.9.2\lib\cpp\Debug" /LIBPATH:"F:\openssl-master\out32" libthrift.lib libthriftnb.lib AgilorAPI.lib DeviceRtdb.lib libeay32.lib ssleay32.lib kernel32.lib user32.lib gdi32.lib winspool.lib comdlg32.lib advapi32.lib shell32.lib ole32.lib oleaut32.lib uuid.lib odbc32.lib odbccp32.lib /MANIFEST /MANIFESTUAC:"level='asInvoker' uiAccess='false'" /manifest:embed /DEBUG /PDB:"F:\agilor.distributed\agilor.storage.c\Debug\agilor.storage.c.pdb" /TLBID:1 /DYNAMICBASE /NXCOMPAT /IMPLIB:"F:\agilor.distributed\agilor.storage.c\Debug\agilor.storage.c.lib" /MACHINE:X86 Debug\ACI.obj
         Debug\Agilor.obj
         Debug\AgilorUtils.obj
         Debug\Agilor_server.skeleton.obj
         Debug\BaseServerEventHandler.obj
         Debug\inter_constants.obj
         Debug\inter_types.obj
         Debug\AgilorHandler.obj
         agilor.storage.c.vcxproj -> F:\agilor.distributed\agilor.storage.c\Debug\agilor.storage.c.exe
     1>已完成生成项目“F:\agilor.distributed\agilor.storage.c\agilor.storage.c\agilor.storage.c.vcxproj”(Build 个目标)的操作。

生成成功。

已用时间 00:00:03.80
