生成启动时间为 2015/9/14 16:55:58。
     1>项目“F:\agilor.distributed\agilor.storage.c150914\agilor.storage.c\agilor.storage.c\agilor.storage.c.vcxproj”在节点 2 上(Rebuild 个目标)。
     1>ClCompile:
         D:\Microsoft Visual Studio 12.0\VC\bin\CL.exe /c /I"C:\Users\LQ\Downloads\thrift-0.9.2\lib\cpp\src" /IF:\boost_1_58_0 /Zi /nologo /W3 /WX- /sdl /O2 /Oi /Oy- /GL /D WIN32_LEAN_AND_MEAN /D _MBCS /Gm- /EHsc /MD /GS /Gy /fp:precise /Zc:wchar_t /Zc:forScope /Fo"Release\\" /Fd"Release\vc120.pdb" /Gd /TP /analyze- /errorReport:prompt ACI.cpp Agilor.cpp AgilorUtils.cpp Agilor_server.skeleton.cpp BaseServerEventHandler.cpp inter_constants.cpp inter_types.cpp AgilorHandler.cpp
         ACI.cpp
         Agilor.cpp
         AgilorUtils.cpp
     1>AgilorUtils.cpp(95): warning C4305: “=”: 从“double”到“float”截断
     1>AgilorUtils.cpp(96): warning C4244: “=”: 从“const int64_t”转换到“long”，可能丢失数据
     1>AgilorUtils.cpp(97): warning C4244: “=”: 从“const int16_t”转换到“BYTE”，可能丢失数据
     1>AgilorUtils.cpp(98): warning C4244: “=”: 从“const int64_t”转换到“long”，可能丢失数据
     1>AgilorUtils.cpp(112): warning C4244: “=”: 从“const int64_t”转换到“long”，可能丢失数据
     1>AgilorUtils.cpp(114): warning C4244: “=”: 从“const int64_t”转换到“long”，可能丢失数据
     1>AgilorUtils.cpp(126): warning C4244: “=”: 从“const double”转换到“float”，可能丢失数据
     1>AgilorUtils.cpp(127): warning C4244: “=”: 从“const double”转换到“float”，可能丢失数据
     1>AgilorUtils.cpp(130): warning C4244: “=”: 从“const int64_t”转换到“long”，可能丢失数据
     1>AgilorUtils.cpp(131): warning C4244: “=”: 从“const int64_t”转换到“long”，可能丢失数据
     1>AgilorUtils.cpp(132): warning C4244: “=”: 从“const int64_t”转换到“long”，可能丢失数据
     1>AgilorUtils.cpp(136): warning C4244: “=”: 从“const double”转换到“float”，可能丢失数据
     1>AgilorUtils.cpp(137): warning C4244: “=”: 从“const int64_t”转换到“long”，可能丢失数据
     1>AgilorUtils.cpp(138): warning C4244: “=”: 从“const int64_t”转换到“long”，可能丢失数据
     1>AgilorUtils.cpp(141): warning C4244: “=”: 从“const int64_t”转换到“long”，可能丢失数据
     1>AgilorUtils.cpp(142): warning C4244: “=”: 从“const int64_t”转换到“long”，可能丢失数据
     1>AgilorUtils.cpp(143): warning C4244: “=”: 从“const int16_t”转换到“BYTE”，可能丢失数据
     1>AgilorUtils.cpp(144): warning C4244: “=”: 从“const int16_t”转换到“BYTE”，可能丢失数据
     1>AgilorUtils.cpp(213): warning C4800: “const BYTE”: 将值强制为布尔值“true”或“false”(性能警告)
     1>AgilorUtils.cpp(215): warning C4800: “const BYTE”: 将值强制为布尔值“true”或“false”(性能警告)
     1>AgilorUtils.cpp(216): warning C4800: “const BYTE”: 将值强制为布尔值“true”或“false”(性能警告)
         Agilor_server.skeleton.cpp
         BaseServerEventHandler.cpp
         inter_constants.cpp
         inter_types.cpp
         AgilorHandler.cpp
     1>AgilorHandler.cpp(167): warning C4244: “初始化”: 从“int64_t”转换到“long”，可能丢失数据
     1>AgilorHandler.cpp(199): warning C4244: “参数”: 从“const int64_t”转换到“long”，可能丢失数据
     1>AgilorHandler.cpp(243): warning C4244: “参数”: 从“const int64_t”转换到“long”，可能丢失数据
     1>AgilorHandler.cpp(271): warning C4244: “参数”: 从“const int64_t”转换到“long”，可能丢失数据
     1>AgilorHandler.cpp(278): warning C4244: “参数”: 从“const int64_t”转换到“long”，可能丢失数据
     1>AgilorHandler.cpp(287): warning C4244: “=”: 从“const int64_t”转换到“long”，可能丢失数据
     1>AgilorHandler.cpp(289): warning C4244: “=”: 从“time_t”转换到“long”，可能丢失数据
     1>AgilorHandler.cpp(290): warning C4244: “=”: 从“const int64_t”转换到“long”，可能丢失数据
     1>AgilorHandler.cpp(302): warning C4244: “参数”: 从“const int64_t”转换到“long”，可能丢失数据
     1>AgilorHandler.cpp(325): warning C4244: “=”: 从“time_t”转换到“long”，可能丢失数据
     1>AgilorHandler.cpp(343): warning C4244: “参数”: 从“const int64_t”转换到“long”，可能丢失数据
       Link:
         D:\Microsoft Visual Studio 12.0\VC\bin\link.exe /ERRORREPORT:PROMPT /OUT:"F:\agilor.distributed\agilor.storage.c150914\agilor.storage.c\Release\agilor.storage.c.exe" /NOLOGO /LIBPATH:F:\boost_1_58_0\stage\lib /LIBPATH:"C:\Users\LQ\Downloads\thrift-0.9.2\lib\cpp\Release" /LIBPATH:"F:\openssl-master\out32" libthrift.lib libthriftnb.lib AgilorAPI.lib DeviceRtdb.lib libeay32.lib ssleay32.lib kernel32.lib user32.lib gdi32.lib winspool.lib comdlg32.lib advapi32.lib shell32.lib ole32.lib oleaut32.lib uuid.lib odbc32.lib odbccp32.lib /MANIFEST /MANIFESTUAC:"level='asInvoker' uiAccess='false'" /manifest:embed /DEBUG /PDB:"F:\agilor.distributed\agilor.storage.c150914\agilor.storage.c\Release\agilor.storage.c.pdb" /OPT:REF /OPT:ICF /LTCG /TLBID:1 /DYNAMICBASE /NXCOMPAT /IMPLIB:"F:\agilor.distributed\agilor.storage.c150914\agilor.storage.c\Release\agilor.storage.c.lib" /MACHINE:X86 /SAFESEH Release\ACI.obj
         Release\Agilor.obj
         Release\AgilorUtils.obj
         Release\Agilor_server.skeleton.obj
         Release\BaseServerEventHandler.obj
         Release\inter_constants.obj
         Release\inter_types.obj
         Release\AgilorHandler.obj
         正在生成代码
         已完成代码的生成
         agilor.storage.c.vcxproj -> F:\agilor.distributed\agilor.storage.c150914\agilor.storage.c\Release\agilor.storage.c.exe
     1>已完成生成项目“F:\agilor.distributed\agilor.storage.c150914\agilor.storage.c\agilor.storage.c\agilor.storage.c.vcxproj”(Rebuild 个目标)的操作。

生成成功。

已用时间 00:00:15.69
